2021-10-11T09:14:47 INFO     **************************
2021-10-11T09:14:47 INFO     File Name: C:\Users\tthibeuf\Desktop\MemoryAnalysis\rDamjKNqI7jhO9Z0r2Tg30
2021-10-11T09:14:47 INFO     Output Directory: C:\Users\tthibeuf\Desktop\MemoryAnalysis\output
2021-10-11T09:14:47 INFO     Triage Type: QuickTriage
2021-10-11T09:14:47 INFO     Command: winSuperMem.py -f .\rDamjKNqI7jhO9Z0r2Tg30 -o output/ -tt 1
2021-10-11T09:14:47 INFO     **************************
2021-10-11T09:14:47 INFO     Setting up symbols for Volatility3 with windows.info.Info
2021-10-11T09:14:47 INFO     vol.py -f "C:\Users\tthibeuf\Desktop\MemoryAnalysis\rDamjKNqI7jhO9Z0r2Tg30" -r csv windows.info.Info 2> C:\Users\tthibeuf\Desktop\MemoryAnalysis\output\Volatility3\windows.info.Info.err > C:\Users\tthibeuf\Desktop\MemoryAnalysis\output\Volatility3\windows.info.Info.csv
2021-10-11T09:14:49 INFO     Started Volatility3 plugin windows.pstree.PsTree
2021-10-11T09:14:49 INFO     Started Volatility3 plugin windows.cmdline.CmdLine
2021-10-11T09:14:49 INFO     Started Volatility3 plugin windows.callbacks.Callbacks
2021-10-11T09:14:49 INFO     Started Volatility3 plugin windows.svcscan.SvcScan
2021-10-11T09:14:49 INFO     vol.py -f "C:\Users\tthibeuf\Desktop\MemoryAnalysis\rDamjKNqI7jhO9Z0r2Tg30" -r csv windows.pstree.PsTree  2> C:\Users\tthibeuf\Desktop\MemoryAnalysis\output\Volatility3\windows.pstree.PsTree.err > C:\Users\tthibeuf\Desktop\MemoryAnalysis\output\Volatility3\windows.pstree.PsTree.csv
2021-10-11T09:14:49 INFO     Started Volatility3 plugin windows.registry.userassist.UserAssist
2021-10-11T09:14:49 INFO     Started Volatility3 plugin windows.envars.Envars
2021-10-11T09:14:49 INFO     Started Volatility3 plugin windows.handles.Handles
2021-10-11T09:14:49 INFO     vol.py -f "C:\Users\tthibeuf\Desktop\MemoryAnalysis\rDamjKNqI7jhO9Z0r2Tg30" -r csv windows.cmdline.CmdLine  2> C:\Users\tthibeuf\Desktop\MemoryAnalysis\output\Volatility3\windows.cmdline.CmdLine.err > C:\Users\tthibeuf\Desktop\MemoryAnalysis\output\Volatility3\windows.cmdline.CmdLine.csv
2021-10-11T09:14:49 INFO     Started Volatility3 plugin windows.modules.Modules
2021-10-11T09:14:49 INFO     Started Volatility3 plugin windows.dlllist.DllList
2021-10-11T09:14:49 INFO     Started Volatility3 plugin windows.getsids.GetSIDs
2021-10-11T09:14:49 INFO     vol.py -f "C:\Users\tthibeuf\Desktop\MemoryAnalysis\rDamjKNqI7jhO9Z0r2Tg30" -r csv windows.callbacks.Callbacks  2> C:\Users\tthibeuf\Desktop\MemoryAnalysis\output\Volatility3\windows.callbacks.Callbacks.err > C:\Users\tthibeuf\Desktop\MemoryAnalysis\output\Volatility3\windows.callbacks.Callbacks.csv
2021-10-11T09:14:49 INFO     Started Volatility3 plugin windows.getservicesids.GetServiceSIDs
2021-10-11T09:14:49 INFO     Started Volatility3 plugin windows.malfind.Malfind
2021-10-11T09:14:49 INFO     vol.py -f "C:\Users\tthibeuf\Desktop\MemoryAnalysis\rDamjKNqI7jhO9Z0r2Tg30" -r csv windows.svcscan.SvcScan  2> C:\Users\tthibeuf\Desktop\MemoryAnalysis\output\Volatility3\windows.svcscan.SvcScan.err > C:\Users\tthibeuf\Desktop\MemoryAnalysis\output\Volatility3\windows.svcscan.SvcScan.csv
2021-10-11T09:14:49 INFO     vol.py -f "C:\Users\tthibeuf\Desktop\MemoryAnalysis\rDamjKNqI7jhO9Z0r2Tg30" -r csv windows.registry.userassist.UserAssist  2> C:\Users\tthibeuf\Desktop\MemoryAnalysis\output\Volatility3\windows.registry.userassist.UserAssist.err > C:\Users\tthibeuf\Desktop\MemoryAnalysis\output\Volatility3\windows.registry.userassist.UserAssist.csv
2021-10-11T09:14:49 INFO     vol.py -f "C:\Users\tthibeuf\Desktop\MemoryAnalysis\rDamjKNqI7jhO9Z0r2Tg30" -r csv windows.envars.Envars  2> C:\Users\tthibeuf\Desktop\MemoryAnalysis\output\Volatility3\windows.envars.Envars.err > C:\Users\tthibeuf\Desktop\MemoryAnalysis\output\Volatility3\windows.envars.Envars.csv
2021-10-11T09:14:49 INFO     vol.py -f "C:\Users\tthibeuf\Desktop\MemoryAnalysis\rDamjKNqI7jhO9Z0r2Tg30" -r csv windows.handles.Handles  2> C:\Users\tthibeuf\Desktop\MemoryAnalysis\output\Volatility3\windows.handles.Handles.err > C:\Users\tthibeuf\Desktop\MemoryAnalysis\output\Volatility3\windows.handles.Handles.csv
2021-10-11T09:14:49 INFO     vol.py -f "C:\Users\tthibeuf\Desktop\MemoryAnalysis\rDamjKNqI7jhO9Z0r2Tg30" -r csv windows.modules.Modules  2> C:\Users\tthibeuf\Desktop\MemoryAnalysis\output\Volatility3\windows.modules.Modules.err > C:\Users\tthibeuf\Desktop\MemoryAnalysis\output\Volatility3\windows.modules.Modules.csv
2021-10-11T09:14:49 INFO     vol.py -f "C:\Users\tthibeuf\Desktop\MemoryAnalysis\rDamjKNqI7jhO9Z0r2Tg30" -r csv windows.dlllist.DllList  2> C:\Users\tthibeuf\Desktop\MemoryAnalysis\output\Volatility3\windows.dlllist.DllList.err > C:\Users\tthibeuf\Desktop\MemoryAnalysis\output\Volatility3\windows.dlllist.DllList.csv
2021-10-11T09:14:49 INFO     vol.py -f "C:\Users\tthibeuf\Desktop\MemoryAnalysis\rDamjKNqI7jhO9Z0r2Tg30" -r csv windows.getsids.GetSIDs  2> C:\Users\tthibeuf\Desktop\MemoryAnalysis\output\Volatility3\windows.getsids.GetSIDs.err > C:\Users\tthibeuf\Desktop\MemoryAnalysis\output\Volatility3\windows.getsids.GetSIDs.csv
2021-10-11T09:14:49 INFO     vol.py -f "C:\Users\tthibeuf\Desktop\MemoryAnalysis\rDamjKNqI7jhO9Z0r2Tg30" -r csv windows.getservicesids.GetServiceSIDs  2> C:\Users\tthibeuf\Desktop\MemoryAnalysis\output\Volatility3\windows.getservicesids.GetServiceSIDs.err > C:\Users\tthibeuf\Desktop\MemoryAnalysis\output\Volatility3\windows.getservicesids.GetServiceSIDs.csv
2021-10-11T09:14:49 INFO     vol.py -f "C:\Users\tthibeuf\Desktop\MemoryAnalysis\rDamjKNqI7jhO9Z0r2Tg30" -r csv windows.malfind.Malfind  2> C:\Users\tthibeuf\Desktop\MemoryAnalysis\output\Volatility3\windows.malfind.Malfind.err > C:\Users\tthibeuf\Desktop\MemoryAnalysis\output\Volatility3\windows.malfind.Malfind.csv
2021-10-11T09:14:53 INFO     Finished Volatility3 plugin windows.registry.userassist.UserAssist in 4 seconds
2021-10-11T09:14:53 INFO     Finished Volatility3 plugin windows.modules.Modules in 4 seconds
2021-10-11T09:14:53 INFO     Started Volatility3 plugin windows.pslist.PsList
2021-10-11T09:14:53 INFO     Started Volatility3 plugin windows.registry.hivelist.HiveList
2021-10-11T09:14:53 INFO     vol.py -f "C:\Users\tthibeuf\Desktop\MemoryAnalysis\rDamjKNqI7jhO9Z0r2Tg30" -r csv windows.pslist.PsList  2> C:\Users\tthibeuf\Desktop\MemoryAnalysis\output\Volatility3\windows.pslist.PsList.err > C:\Users\tthibeuf\Desktop\MemoryAnalysis\output\Volatility3\windows.pslist.PsList.csv
2021-10-11T09:14:53 INFO     vol.py -f "C:\Users\tthibeuf\Desktop\MemoryAnalysis\rDamjKNqI7jhO9Z0r2Tg30" -r csv windows.registry.hivelist.HiveList  2> C:\Users\tthibeuf\Desktop\MemoryAnalysis\output\Volatility3\windows.registry.hivelist.HiveList.err > C:\Users\tthibeuf\Desktop\MemoryAnalysis\output\Volatility3\windows.registry.hivelist.HiveList.csv
2021-10-11T09:14:53 INFO     Finished Volatility3 plugin windows.svcscan.SvcScan in 4 seconds
2021-10-11T09:14:53 INFO     Started Volatility3 plugin windows.ssdt.SSDT
2021-10-11T09:14:53 INFO     vol.py -f "C:\Users\tthibeuf\Desktop\MemoryAnalysis\rDamjKNqI7jhO9Z0r2Tg30" -r csv windows.ssdt.SSDT  2> C:\Users\tthibeuf\Desktop\MemoryAnalysis\output\Volatility3\windows.ssdt.SSDT.err > C:\Users\tthibeuf\Desktop\MemoryAnalysis\output\Volatility3\windows.ssdt.SSDT.csv
2021-10-11T09:14:53 INFO     Finished Volatility3 plugin windows.dlllist.DllList in 4 seconds
2021-10-11T09:14:54 INFO     Finished Volatility3 plugin windows.pstree.PsTree in 4 seconds
2021-10-11T09:14:54 INFO     Started Volatility3 plugin windows.registry.hivescan.HiveScan
2021-10-11T09:14:54 INFO     Started Bulk Extractor
2021-10-11T09:14:54 INFO     vol.py -f "C:\Users\tthibeuf\Desktop\MemoryAnalysis\rDamjKNqI7jhO9Z0r2Tg30" -r csv windows.registry.hivescan.HiveScan  2> C:\Users\tthibeuf\Desktop\MemoryAnalysis\output\Volatility3\windows.registry.hivescan.HiveScan.err > C:\Users\tthibeuf\Desktop\MemoryAnalysis\output\Volatility3\windows.registry.hivescan.HiveScan.csv
2021-10-11T09:14:54 INFO     bulk_extractor.exe -o C:\Users\tthibeuf\Desktop\MemoryAnalysis\output\BEoutputDir "C:\Users\tthibeuf\Desktop\MemoryAnalysis\rDamjKNqI7jhO9Z0r2Tg30" > /dev/null 2>&1
2021-10-11T09:14:54 INFO     Finished Volatility3 plugin windows.handles.Handles in 4 seconds
2021-10-11T09:14:54 INFO     Started Strings unicode
2021-10-11T09:14:54 INFO     strings64.exe -td -el -a "C:\Users\tthibeuf\Desktop\MemoryAnalysis\rDamjKNqI7jhO9Z0r2Tg30" > C:\Users\tthibeuf\Desktop\MemoryAnalysis\rDamjKNqI7jhO9Z0r2Tg30.strings.unicode
2021-10-11T09:14:54 INFO     Finished Volatility3 plugin windows.cmdline.CmdLine in 5 seconds
2021-10-11T09:14:54 INFO     Started Strings ascii
2021-10-11T09:14:54 INFO     strings64.exe -td -a "C:\Users\tthibeuf\Desktop\MemoryAnalysis\rDamjKNqI7jhO9Z0r2Tg30" > C:\Users\tthibeuf\Desktop\MemoryAnalysis\rDamjKNqI7jhO9Z0r2Tg30.strings.ascii
2021-10-11T09:14:54 INFO     Finished Volatility3 plugin windows.callbacks.Callbacks in 5 seconds
2021-10-11T09:14:54 INFO     Finished Volatility3 plugin windows.envars.Envars in 5 seconds
2021-10-11T09:14:54 INFO     Started Strings big endian
2021-10-11T09:14:54 INFO     Finished Bulk Extractor in 0 seconds
2021-10-11T09:14:54 INFO     strings64.exe -td -eb -a "C:\Users\tthibeuf\Desktop\MemoryAnalysis\rDamjKNqI7jhO9Z0r2Tg30" > C:\Users\tthibeuf\Desktop\MemoryAnalysis\rDamjKNqI7jhO9Z0r2Tg30.strings.be
2021-10-11T09:14:54 INFO     Finished Volatility3 plugin windows.getservicesids.GetServiceSIDs in 5 seconds
2021-10-11T09:14:54 INFO     Finished Volatility3 plugin windows.getsids.GetSIDs in 5 seconds
2021-10-11T09:14:54 INFO     Finished Volatility3 plugin windows.malfind.Malfind in 5 seconds
2021-10-11T09:14:55 INFO     Finished Strings unicode in 0 seconds
2021-10-11T09:14:55 INFO     Finished Strings ascii in 0 seconds
2021-10-11T09:14:55 INFO     Finished Strings big endian in 0 seconds
2021-10-11T09:14:56 INFO     Finished Volatility3 plugin windows.ssdt.SSDT in 2 seconds
2021-10-11T09:14:56 INFO     Finished Volatility3 plugin windows.registry.hivelist.HiveList in 3 seconds
2021-10-11T09:14:56 INFO     Finished Volatility3 plugin windows.pslist.PsList in 3 seconds
2021-10-11T09:14:57 INFO     Finished Volatility3 plugin windows.registry.hivescan.HiveScan in 2 seconds
2021-10-11T09:14:57 INFO     Finished all processing in 0 minutes
2021-10-11T09:16:06 INFO     **************************
2021-10-11T09:16:06 INFO     File Name: C:\Users\tthibeuf\Desktop\MemoryAnalysis\rDamjKNqI7jhO9Z0r2Tg30
2021-10-11T09:16:06 INFO     Output Directory: C:\Users\tthibeuf\Desktop\MemoryAnalysis\output
2021-10-11T09:16:06 INFO     Triage Type: QuickTriage
2021-10-11T09:16:06 INFO     Command: winSuperMem.py -f .\rDamjKNqI7jhO9Z0r2Tg30 -o output/ -tt 1
2021-10-11T09:16:06 INFO     **************************
2021-10-11T09:16:06 INFO     Setting up symbols for Volatility3 with windows.info.Info
2021-10-11T09:16:06 INFO     vol.py -f "C:\Users\tthibeuf\Desktop\MemoryAnalysis\rDamjKNqI7jhO9Z0r2Tg30" -r csv windows.info.Info 2> C:\Users\tthibeuf\Desktop\MemoryAnalysis\output\Volatility3\windows.info.Info.err > C:\Users\tthibeuf\Desktop\MemoryAnalysis\output\Volatility3\windows.info.Info.csv
2021-10-11T09:16:07 INFO     Started Volatility3 plugin windows.pstree.PsTree
2021-10-11T09:16:07 INFO     Started Volatility3 plugin windows.cmdline.CmdLine
2021-10-11T09:16:07 INFO     Started Volatility3 plugin windows.callbacks.Callbacks
2021-10-11T09:16:07 INFO     Started Volatility3 plugin windows.svcscan.SvcScan
2021-10-11T09:16:07 INFO     vol.py -f "C:\Users\tthibeuf\Desktop\MemoryAnalysis\rDamjKNqI7jhO9Z0r2Tg30" -r csv windows.pstree.PsTree  2> C:\Users\tthibeuf\Desktop\MemoryAnalysis\output\Volatility3\windows.pstree.PsTree.err > C:\Users\tthibeuf\Desktop\MemoryAnalysis\output\Volatility3\windows.pstree.PsTree.csv
2021-10-11T09:16:07 INFO     Started Volatility3 plugin windows.registry.userassist.UserAssist
2021-10-11T09:16:07 INFO     Started Volatility3 plugin windows.envars.Envars
2021-10-11T09:16:07 INFO     Started Volatility3 plugin windows.handles.Handles
2021-10-11T09:16:07 INFO     Started Volatility3 plugin windows.modules.Modules
2021-10-11T09:16:07 INFO     vol.py -f "C:\Users\tthibeuf\Desktop\MemoryAnalysis\rDamjKNqI7jhO9Z0r2Tg30" -r csv windows.cmdline.CmdLine  2> C:\Users\tthibeuf\Desktop\MemoryAnalysis\output\Volatility3\windows.cmdline.CmdLine.err > C:\Users\tthibeuf\Desktop\MemoryAnalysis\output\Volatility3\windows.cmdline.CmdLine.csv
2021-10-11T09:16:07 INFO     Started Volatility3 plugin windows.dlllist.DllList
2021-10-11T09:16:07 INFO     Started Volatility3 plugin windows.getsids.GetSIDs
2021-10-11T09:16:07 INFO     Started Volatility3 plugin windows.getservicesids.GetServiceSIDs
2021-10-11T09:16:07 INFO     vol.py -f "C:\Users\tthibeuf\Desktop\MemoryAnalysis\rDamjKNqI7jhO9Z0r2Tg30" -r csv windows.callbacks.Callbacks  2> C:\Users\tthibeuf\Desktop\MemoryAnalysis\output\Volatility3\windows.callbacks.Callbacks.err > C:\Users\tthibeuf\Desktop\MemoryAnalysis\output\Volatility3\windows.callbacks.Callbacks.csv
2021-10-11T09:16:07 INFO     Started Volatility3 plugin windows.malfind.Malfind
2021-10-11T09:16:07 INFO     vol.py -f "C:\Users\tthibeuf\Desktop\MemoryAnalysis\rDamjKNqI7jhO9Z0r2Tg30" -r csv windows.svcscan.SvcScan  2> C:\Users\tthibeuf\Desktop\MemoryAnalysis\output\Volatility3\windows.svcscan.SvcScan.err > C:\Users\tthibeuf\Desktop\MemoryAnalysis\output\Volatility3\windows.svcscan.SvcScan.csv
2021-10-11T09:16:07 INFO     vol.py -f "C:\Users\tthibeuf\Desktop\MemoryAnalysis\rDamjKNqI7jhO9Z0r2Tg30" -r csv windows.registry.userassist.UserAssist  2> C:\Users\tthibeuf\Desktop\MemoryAnalysis\output\Volatility3\windows.registry.userassist.UserAssist.err > C:\Users\tthibeuf\Desktop\MemoryAnalysis\output\Volatility3\windows.registry.userassist.UserAssist.csv
2021-10-11T09:16:07 INFO     vol.py -f "C:\Users\tthibeuf\Desktop\MemoryAnalysis\rDamjKNqI7jhO9Z0r2Tg30" -r csv windows.envars.Envars  2> C:\Users\tthibeuf\Desktop\MemoryAnalysis\output\Volatility3\windows.envars.Envars.err > C:\Users\tthibeuf\Desktop\MemoryAnalysis\output\Volatility3\windows.envars.Envars.csv
2021-10-11T09:16:07 INFO     vol.py -f "C:\Users\tthibeuf\Desktop\MemoryAnalysis\rDamjKNqI7jhO9Z0r2Tg30" -r csv windows.handles.Handles  2> C:\Users\tthibeuf\Desktop\MemoryAnalysis\output\Volatility3\windows.handles.Handles.err > C:\Users\tthibeuf\Desktop\MemoryAnalysis\output\Volatility3\windows.handles.Handles.csv
2021-10-11T09:16:07 INFO     vol.py -f "C:\Users\tthibeuf\Desktop\MemoryAnalysis\rDamjKNqI7jhO9Z0r2Tg30" -r csv windows.modules.Modules  2> C:\Users\tthibeuf\Desktop\MemoryAnalysis\output\Volatility3\windows.modules.Modules.err > C:\Users\tthibeuf\Desktop\MemoryAnalysis\output\Volatility3\windows.modules.Modules.csv
2021-10-11T09:16:07 INFO     vol.py -f "C:\Users\tthibeuf\Desktop\MemoryAnalysis\rDamjKNqI7jhO9Z0r2Tg30" -r csv windows.dlllist.DllList  2> C:\Users\tthibeuf\Desktop\MemoryAnalysis\output\Volatility3\windows.dlllist.DllList.err > C:\Users\tthibeuf\Desktop\MemoryAnalysis\output\Volatility3\windows.dlllist.DllList.csv
2021-10-11T09:16:07 INFO     vol.py -f "C:\Users\tthibeuf\Desktop\MemoryAnalysis\rDamjKNqI7jhO9Z0r2Tg30" -r csv windows.getsids.GetSIDs  2> C:\Users\tthibeuf\Desktop\MemoryAnalysis\output\Volatility3\windows.getsids.GetSIDs.err > C:\Users\tthibeuf\Desktop\MemoryAnalysis\output\Volatility3\windows.getsids.GetSIDs.csv
2021-10-11T09:16:07 INFO     vol.py -f "C:\Users\tthibeuf\Desktop\MemoryAnalysis\rDamjKNqI7jhO9Z0r2Tg30" -r csv windows.getservicesids.GetServiceSIDs  2> C:\Users\tthibeuf\Desktop\MemoryAnalysis\output\Volatility3\windows.getservicesids.GetServiceSIDs.err > C:\Users\tthibeuf\Desktop\MemoryAnalysis\output\Volatility3\windows.getservicesids.GetServiceSIDs.csv
2021-10-11T09:16:07 INFO     vol.py -f "C:\Users\tthibeuf\Desktop\MemoryAnalysis\rDamjKNqI7jhO9Z0r2Tg30" -r csv windows.malfind.Malfind  2> C:\Users\tthibeuf\Desktop\MemoryAnalysis\output\Volatility3\windows.malfind.Malfind.err > C:\Users\tthibeuf\Desktop\MemoryAnalysis\output\Volatility3\windows.malfind.Malfind.csv
2021-10-11T09:16:11 INFO     Finished Volatility3 plugin windows.callbacks.Callbacks in 4 seconds
2021-10-11T09:16:11 INFO     Finished Volatility3 plugin windows.cmdline.CmdLine in 4 seconds
2021-10-11T09:16:11 INFO     Started Volatility3 plugin windows.pslist.PsList
2021-10-11T09:16:11 INFO     Started Volatility3 plugin windows.registry.hivelist.HiveList
2021-10-11T09:16:11 INFO     vol.py -f "C:\Users\tthibeuf\Desktop\MemoryAnalysis\rDamjKNqI7jhO9Z0r2Tg30" -r csv windows.pslist.PsList  2> C:\Users\tthibeuf\Desktop\MemoryAnalysis\output\Volatility3\windows.pslist.PsList.err > C:\Users\tthibeuf\Desktop\MemoryAnalysis\output\Volatility3\windows.pslist.PsList.csv
2021-10-11T09:16:11 INFO     vol.py -f "C:\Users\tthibeuf\Desktop\MemoryAnalysis\rDamjKNqI7jhO9Z0r2Tg30" -r csv windows.registry.hivelist.HiveList  2> C:\Users\tthibeuf\Desktop\MemoryAnalysis\output\Volatility3\windows.registry.hivelist.HiveList.err > C:\Users\tthibeuf\Desktop\MemoryAnalysis\output\Volatility3\windows.registry.hivelist.HiveList.csv
2021-10-11T09:16:11 INFO     Finished Volatility3 plugin windows.pstree.PsTree in 4 seconds
2021-10-11T09:16:11 INFO     Started Volatility3 plugin windows.ssdt.SSDT
2021-10-11T09:16:11 INFO     vol.py -f "C:\Users\tthibeuf\Desktop\MemoryAnalysis\rDamjKNqI7jhO9Z0r2Tg30" -r csv windows.ssdt.SSDT  2> C:\Users\tthibeuf\Desktop\MemoryAnalysis\output\Volatility3\windows.ssdt.SSDT.err > C:\Users\tthibeuf\Desktop\MemoryAnalysis\output\Volatility3\windows.ssdt.SSDT.csv
2021-10-11T09:16:11 INFO     Finished Volatility3 plugin windows.handles.Handles in 4 seconds
2021-10-11T09:16:12 INFO     Started Volatility3 plugin windows.registry.hivescan.HiveScan
2021-10-11T09:16:12 INFO     Finished Volatility3 plugin windows.getservicesids.GetServiceSIDs in 4 seconds
2021-10-11T09:16:12 INFO     Finished Volatility3 plugin windows.svcscan.SvcScan in 4 seconds
2021-10-11T09:16:12 INFO     vol.py -f "C:\Users\tthibeuf\Desktop\MemoryAnalysis\rDamjKNqI7jhO9Z0r2Tg30" -r csv windows.registry.hivescan.HiveScan  2> C:\Users\tthibeuf\Desktop\MemoryAnalysis\output\Volatility3\windows.registry.hivescan.HiveScan.err > C:\Users\tthibeuf\Desktop\MemoryAnalysis\output\Volatility3\windows.registry.hivescan.HiveScan.csv
2021-10-11T09:16:12 INFO     Started Bulk Extractor
2021-10-11T09:16:12 INFO     Started Strings unicode
2021-10-11T09:16:12 INFO     bulk_extractor.exe -o C:\Users\tthibeuf\Desktop\MemoryAnalysis\output\BEoutputDir "C:\Users\tthibeuf\Desktop\MemoryAnalysis\rDamjKNqI7jhO9Z0r2Tg30" > /dev/null 2>&1
2021-10-11T09:16:12 INFO     strings64.exe -td -el -a "C:\Users\tthibeuf\Desktop\MemoryAnalysis\rDamjKNqI7jhO9Z0r2Tg30" > C:\Users\tthibeuf\Desktop\MemoryAnalysis\rDamjKNqI7jhO9Z0r2Tg30.strings.unicode
2021-10-11T09:16:12 INFO     Finished Volatility3 plugin windows.envars.Envars in 4 seconds
2021-10-11T09:16:12 INFO     Started Strings ascii
2021-10-11T09:16:12 INFO     strings64.exe -td -a "C:\Users\tthibeuf\Desktop\MemoryAnalysis\rDamjKNqI7jhO9Z0r2Tg30" > C:\Users\tthibeuf\Desktop\MemoryAnalysis\rDamjKNqI7jhO9Z0r2Tg30.strings.ascii
2021-10-11T09:16:12 INFO     Finished Volatility3 plugin windows.dlllist.DllList in 5 seconds
2021-10-11T09:16:12 INFO     Finished Volatility3 plugin windows.registry.userassist.UserAssist in 5 seconds
2021-10-11T09:16:12 INFO     Finished Volatility3 plugin windows.modules.Modules in 5 seconds
2021-10-11T09:16:12 INFO     Started Strings big endian
2021-10-11T09:16:12 INFO     strings64.exe -td -eb -a "C:\Users\tthibeuf\Desktop\MemoryAnalysis\rDamjKNqI7jhO9Z0r2Tg30" > C:\Users\tthibeuf\Desktop\MemoryAnalysis\rDamjKNqI7jhO9Z0r2Tg30.strings.be
2021-10-11T09:16:12 INFO     Finished Volatility3 plugin windows.getsids.GetSIDs in 5 seconds
2021-10-11T09:16:12 INFO     Finished Bulk Extractor in 0 seconds
2021-10-11T09:16:12 INFO     Finished Volatility3 plugin windows.malfind.Malfind in 5 seconds
2021-10-11T09:16:12 INFO     Finished Strings unicode in 0 seconds
2021-10-11T09:16:13 INFO     Finished Strings ascii in 0 seconds
2021-10-11T09:16:13 INFO     Finished Strings big endian in 0 seconds
2021-10-11T09:16:14 INFO     Finished Volatility3 plugin windows.pslist.PsList in 3 seconds
2021-10-11T09:16:14 INFO     Finished Volatility3 plugin windows.registry.hivelist.HiveList in 3 seconds
2021-10-11T09:16:14 INFO     Finished Volatility3 plugin windows.ssdt.SSDT in 3 seconds
2021-10-11T09:16:15 INFO     Finished Volatility3 plugin windows.registry.hivescan.HiveScan in 2 seconds
2021-10-11T09:16:15 INFO     Finished all processing in 0 minutes
2021-10-11T09:16:34 INFO     **************************
2021-10-11T09:16:34 INFO     File Name: C:\Users\tthibeuf\Desktop\MemoryAnalysis\rDamjKNqI7jhO9Z0r2Tg30
2021-10-11T09:16:34 INFO     Output Directory: C:\Users\tthibeuf\Desktop\MemoryAnalysis\output
2021-10-11T09:16:34 INFO     Triage Type: ComprehensiveTriage
2021-10-11T09:16:34 INFO     Command: winSuperMem.py -f .\rDamjKNqI7jhO9Z0r2Tg30 -o output/ -tt 3
2021-10-11T09:16:34 INFO     **************************
2021-10-11T09:16:34 INFO     Setting up symbols for Volatility3 with windows.info.Info
2021-10-11T09:16:34 INFO     vol.py -f "C:\Users\tthibeuf\Desktop\MemoryAnalysis\rDamjKNqI7jhO9Z0r2Tg30" -r csv windows.info.Info 2> C:\Users\tthibeuf\Desktop\MemoryAnalysis\output\Volatility3\windows.info.Info.err > C:\Users\tthibeuf\Desktop\MemoryAnalysis\output\Volatility3\windows.info.Info.csv
2021-10-11T09:16:35 INFO     Locating profile, DTB, and KDGB for Volatility2
2021-10-11T11:07:23 INFO     Started Volatility3 plugin windows.pstree.PsTree
2021-10-11T11:07:23 INFO     Started Volatility3 plugin windows.cmdline.CmdLine
2021-10-11T11:07:23 INFO     Started Volatility3 plugin windows.callbacks.Callbacks
2021-10-11T11:07:23 INFO     Started Volatility3 plugin windows.svcscan.SvcScan
2021-10-11T11:07:23 INFO     Started Volatility3 plugin windows.registry.userassist.UserAssist
2021-10-11T11:07:23 INFO     Started Volatility3 plugin windows.envars.Envars
2021-10-11T11:07:23 INFO     vol.py -f "C:\Users\tthibeuf\Desktop\MemoryAnalysis\rDamjKNqI7jhO9Z0r2Tg30" -r csv windows.pstree.PsTree  2> C:\Users\tthibeuf\Desktop\MemoryAnalysis\output\Volatility3\windows.pstree.PsTree.err > C:\Users\tthibeuf\Desktop\MemoryAnalysis\output\Volatility3\windows.pstree.PsTree.csv
2021-10-11T11:07:23 INFO     Started Volatility3 plugin windows.handles.Handles
2021-10-11T11:07:23 INFO     Started Volatility3 plugin windows.modules.Modules
2021-10-11T11:07:23 INFO     Started Volatility3 plugin windows.dlllist.DllList
2021-10-11T11:07:23 INFO     vol.py -f "C:\Users\tthibeuf\Desktop\MemoryAnalysis\rDamjKNqI7jhO9Z0r2Tg30" -r csv windows.cmdline.CmdLine  2> C:\Users\tthibeuf\Desktop\MemoryAnalysis\output\Volatility3\windows.cmdline.CmdLine.err > C:\Users\tthibeuf\Desktop\MemoryAnalysis\output\Volatility3\windows.cmdline.CmdLine.csv
2021-10-11T11:07:23 INFO     Started Volatility3 plugin windows.getsids.GetSIDs
2021-10-11T11:07:23 INFO     Started Volatility3 plugin windows.getservicesids.GetServiceSIDs
2021-10-11T11:07:23 INFO     Started Volatility3 plugin windows.malfind.Malfind
2021-10-11T11:07:23 INFO     vol.py -f "C:\Users\tthibeuf\Desktop\MemoryAnalysis\rDamjKNqI7jhO9Z0r2Tg30" -r csv windows.callbacks.Callbacks  2> C:\Users\tthibeuf\Desktop\MemoryAnalysis\output\Volatility3\windows.callbacks.Callbacks.err > C:\Users\tthibeuf\Desktop\MemoryAnalysis\output\Volatility3\windows.callbacks.Callbacks.csv
2021-10-11T11:07:23 INFO     vol.py -f "C:\Users\tthibeuf\Desktop\MemoryAnalysis\rDamjKNqI7jhO9Z0r2Tg30" -r csv windows.svcscan.SvcScan  2> C:\Users\tthibeuf\Desktop\MemoryAnalysis\output\Volatility3\windows.svcscan.SvcScan.err > C:\Users\tthibeuf\Desktop\MemoryAnalysis\output\Volatility3\windows.svcscan.SvcScan.csv
2021-10-11T11:07:23 INFO     vol.py -f "C:\Users\tthibeuf\Desktop\MemoryAnalysis\rDamjKNqI7jhO9Z0r2Tg30" -r csv windows.registry.userassist.UserAssist  2> C:\Users\tthibeuf\Desktop\MemoryAnalysis\output\Volatility3\windows.registry.userassist.UserAssist.err > C:\Users\tthibeuf\Desktop\MemoryAnalysis\output\Volatility3\windows.registry.userassist.UserAssist.csv
2021-10-11T11:07:23 INFO     vol.py -f "C:\Users\tthibeuf\Desktop\MemoryAnalysis\rDamjKNqI7jhO9Z0r2Tg30" -r csv windows.envars.Envars  2> C:\Users\tthibeuf\Desktop\MemoryAnalysis\output\Volatility3\windows.envars.Envars.err > C:\Users\tthibeuf\Desktop\MemoryAnalysis\output\Volatility3\windows.envars.Envars.csv
2021-10-11T11:07:23 INFO     vol.py -f "C:\Users\tthibeuf\Desktop\MemoryAnalysis\rDamjKNqI7jhO9Z0r2Tg30" -r csv windows.handles.Handles  2> C:\Users\tthibeuf\Desktop\MemoryAnalysis\output\Volatility3\windows.handles.Handles.err > C:\Users\tthibeuf\Desktop\MemoryAnalysis\output\Volatility3\windows.handles.Handles.csv
2021-10-11T11:07:23 INFO     vol.py -f "C:\Users\tthibeuf\Desktop\MemoryAnalysis\rDamjKNqI7jhO9Z0r2Tg30" -r csv windows.modules.Modules  2> C:\Users\tthibeuf\Desktop\MemoryAnalysis\output\Volatility3\windows.modules.Modules.err > C:\Users\tthibeuf\Desktop\MemoryAnalysis\output\Volatility3\windows.modules.Modules.csv
2021-10-11T11:07:23 INFO     vol.py -f "C:\Users\tthibeuf\Desktop\MemoryAnalysis\rDamjKNqI7jhO9Z0r2Tg30" -r csv windows.dlllist.DllList  2> C:\Users\tthibeuf\Desktop\MemoryAnalysis\output\Volatility3\windows.dlllist.DllList.err > C:\Users\tthibeuf\Desktop\MemoryAnalysis\output\Volatility3\windows.dlllist.DllList.csv
2021-10-11T11:07:23 INFO     vol.py -f "C:\Users\tthibeuf\Desktop\MemoryAnalysis\rDamjKNqI7jhO9Z0r2Tg30" -r csv windows.getsids.GetSIDs  2> C:\Users\tthibeuf\Desktop\MemoryAnalysis\output\Volatility3\windows.getsids.GetSIDs.err > C:\Users\tthibeuf\Desktop\MemoryAnalysis\output\Volatility3\windows.getsids.GetSIDs.csv
2021-10-11T11:07:23 INFO     vol.py -f "C:\Users\tthibeuf\Desktop\MemoryAnalysis\rDamjKNqI7jhO9Z0r2Tg30" -r csv windows.getservicesids.GetServiceSIDs  2> C:\Users\tthibeuf\Desktop\MemoryAnalysis\output\Volatility3\windows.getservicesids.GetServiceSIDs.err > C:\Users\tthibeuf\Desktop\MemoryAnalysis\output\Volatility3\windows.getservicesids.GetServiceSIDs.csv
2021-10-11T11:07:23 INFO     vol.py -f "C:\Users\tthibeuf\Desktop\MemoryAnalysis\rDamjKNqI7jhO9Z0r2Tg30" -r csv windows.malfind.Malfind  2> C:\Users\tthibeuf\Desktop\MemoryAnalysis\output\Volatility3\windows.malfind.Malfind.err > C:\Users\tthibeuf\Desktop\MemoryAnalysis\output\Volatility3\windows.malfind.Malfind.csv
2021-10-11T11:07:28 INFO     Finished Volatility3 plugin windows.dlllist.DllList in 4 seconds
2021-10-11T11:07:28 INFO     Started Volatility3 plugin windows.pslist.PsList
2021-10-11T11:07:28 INFO     vol.py -f "C:\Users\tthibeuf\Desktop\MemoryAnalysis\rDamjKNqI7jhO9Z0r2Tg30" -r csv windows.pslist.PsList  2> C:\Users\tthibeuf\Desktop\MemoryAnalysis\output\Volatility3\windows.pslist.PsList.err > C:\Users\tthibeuf\Desktop\MemoryAnalysis\output\Volatility3\windows.pslist.PsList.csv
2021-10-11T11:07:28 INFO     Finished Volatility3 plugin windows.malfind.Malfind in 4 seconds
2021-10-11T11:07:28 INFO     Finished Volatility3 plugin windows.modules.Modules in 5 seconds
2021-10-11T11:07:28 INFO     Finished Volatility3 plugin windows.pstree.PsTree in 5 seconds
2021-10-11T11:07:28 INFO     Started Volatility3 plugin windows.registry.hivelist.HiveList
2021-10-11T11:07:28 INFO     Started Volatility3 plugin windows.ssdt.SSDT
2021-10-11T11:07:28 INFO     Started Volatility3 plugin windows.registry.hivescan.HiveScan
2021-10-11T11:07:28 INFO     Finished Volatility3 plugin windows.getsids.GetSIDs in 5 seconds
2021-10-11T11:07:28 INFO     vol.py -f "C:\Users\tthibeuf\Desktop\MemoryAnalysis\rDamjKNqI7jhO9Z0r2Tg30" -r csv windows.registry.hivelist.HiveList  2> C:\Users\tthibeuf\Desktop\MemoryAnalysis\output\Volatility3\windows.registry.hivelist.HiveList.err > C:\Users\tthibeuf\Desktop\MemoryAnalysis\output\Volatility3\windows.registry.hivelist.HiveList.csv
2021-10-11T11:07:28 INFO     vol.py -f "C:\Users\tthibeuf\Desktop\MemoryAnalysis\rDamjKNqI7jhO9Z0r2Tg30" -r csv windows.ssdt.SSDT  2> C:\Users\tthibeuf\Desktop\MemoryAnalysis\output\Volatility3\windows.ssdt.SSDT.err > C:\Users\tthibeuf\Desktop\MemoryAnalysis\output\Volatility3\windows.ssdt.SSDT.csv
2021-10-11T11:07:28 INFO     Finished Volatility3 plugin windows.cmdline.CmdLine in 5 seconds
2021-10-11T11:07:28 INFO     Finished Volatility3 plugin windows.callbacks.Callbacks in 5 seconds
2021-10-11T11:07:28 INFO     vol.py -f "C:\Users\tthibeuf\Desktop\MemoryAnalysis\rDamjKNqI7jhO9Z0r2Tg30" -r csv windows.registry.hivescan.HiveScan  2> C:\Users\tthibeuf\Desktop\MemoryAnalysis\output\Volatility3\windows.registry.hivescan.HiveScan.err > C:\Users\tthibeuf\Desktop\MemoryAnalysis\output\Volatility3\windows.registry.hivescan.HiveScan.csv
2021-10-11T11:07:28 INFO     Started Volatility3 plugin windows.modscan.ModScan
2021-10-11T11:07:28 INFO     Started Volatility3 plugin windows.mutantscan.MutantScan
2021-10-11T11:07:28 INFO     Started Volatility3 plugin windows.psscan.PsScan
2021-10-11T11:07:28 INFO     vol.py -f "C:\Users\tthibeuf\Desktop\MemoryAnalysis\rDamjKNqI7jhO9Z0r2Tg30" -r csv windows.modscan.ModScan  2> C:\Users\tthibeuf\Desktop\MemoryAnalysis\output\Volatility3\windows.modscan.ModScan.err > C:\Users\tthibeuf\Desktop\MemoryAnalysis\output\Volatility3\windows.modscan.ModScan.csv
2021-10-11T11:07:28 INFO     vol.py -f "C:\Users\tthibeuf\Desktop\MemoryAnalysis\rDamjKNqI7jhO9Z0r2Tg30" -r csv windows.mutantscan.MutantScan  2> C:\Users\tthibeuf\Desktop\MemoryAnalysis\output\Volatility3\windows.mutantscan.MutantScan.err > C:\Users\tthibeuf\Desktop\MemoryAnalysis\output\Volatility3\windows.mutantscan.MutantScan.csv
2021-10-11T11:07:28 INFO     vol.py -f "C:\Users\tthibeuf\Desktop\MemoryAnalysis\rDamjKNqI7jhO9Z0r2Tg30" -r csv windows.psscan.PsScan  2> C:\Users\tthibeuf\Desktop\MemoryAnalysis\output\Volatility3\windows.psscan.PsScan.err > C:\Users\tthibeuf\Desktop\MemoryAnalysis\output\Volatility3\windows.psscan.PsScan.csv
2021-10-11T11:07:29 INFO     Finished Volatility3 plugin windows.registry.userassist.UserAssist in 5 seconds
2021-10-11T11:07:29 INFO     Started Volatility3 plugin windows.driverscan.DriverScan
2021-10-11T11:07:29 INFO     vol.py -f "C:\Users\tthibeuf\Desktop\MemoryAnalysis\rDamjKNqI7jhO9Z0r2Tg30" -r csv windows.driverscan.DriverScan  2> C:\Users\tthibeuf\Desktop\MemoryAnalysis\output\Volatility3\windows.driverscan.DriverScan.err > C:\Users\tthibeuf\Desktop\MemoryAnalysis\output\Volatility3\windows.driverscan.DriverScan.csv
2021-10-11T11:07:29 INFO     Finished Volatility3 plugin windows.handles.Handles in 5 seconds
2021-10-11T11:07:29 INFO     Finished Volatility3 plugin windows.getservicesids.GetServiceSIDs in 5 seconds
2021-10-11T11:07:29 INFO     Started Volatility3 plugin windows.symlinkscan.SymlinkScan
2021-10-11T11:07:29 INFO     Started Volatility3 plugin windows.driverirp.DriverIrp
2021-10-11T11:07:29 INFO     vol.py -f "C:\Users\tthibeuf\Desktop\MemoryAnalysis\rDamjKNqI7jhO9Z0r2Tg30" -r csv windows.symlinkscan.SymlinkScan  2> C:\Users\tthibeuf\Desktop\MemoryAnalysis\output\Volatility3\windows.symlinkscan.SymlinkScan.err > C:\Users\tthibeuf\Desktop\MemoryAnalysis\output\Volatility3\windows.symlinkscan.SymlinkScan.csv
2021-10-11T11:07:29 INFO     vol.py -f "C:\Users\tthibeuf\Desktop\MemoryAnalysis\rDamjKNqI7jhO9Z0r2Tg30" -r csv windows.driverirp.DriverIrp  2> C:\Users\tthibeuf\Desktop\MemoryAnalysis\output\Volatility3\windows.driverirp.DriverIrp.err > C:\Users\tthibeuf\Desktop\MemoryAnalysis\output\Volatility3\windows.driverirp.DriverIrp.csv
2021-10-11T11:07:29 INFO     Finished Volatility3 plugin windows.svcscan.SvcScan in 6 seconds
2021-10-11T11:07:29 INFO     Started Volatility3 plugin windows.netscan.NetScan
2021-10-11T11:07:29 INFO     vol.py -f "C:\Users\tthibeuf\Desktop\MemoryAnalysis\rDamjKNqI7jhO9Z0r2Tg30" -r csv windows.netscan.NetScan  2> C:\Users\tthibeuf\Desktop\MemoryAnalysis\output\Volatility3\windows.netscan.NetScan.err > C:\Users\tthibeuf\Desktop\MemoryAnalysis\output\Volatility3\windows.netscan.NetScan.csv
2021-10-11T11:07:29 INFO     Finished Volatility3 plugin windows.envars.Envars in 6 seconds
2021-10-11T11:07:29 INFO     Started Volatility3 plugin windows.filescan.FileScan
2021-10-11T11:07:29 INFO     vol.py -f "C:\Users\tthibeuf\Desktop\MemoryAnalysis\rDamjKNqI7jhO9Z0r2Tg30" -r csv windows.filescan.FileScan  2> C:\Users\tthibeuf\Desktop\MemoryAnalysis\output\Volatility3\windows.filescan.FileScan.err > C:\Users\tthibeuf\Desktop\MemoryAnalysis\output\Volatility3\windows.filescan.FileScan.csv
2021-10-11T11:07:34 INFO     Finished Volatility3 plugin windows.pslist.PsList in 5 seconds
2021-10-11T11:07:34 INFO     Started Volatility3 plugin windows.poolscanner.PoolScanner
2021-10-11T11:07:34 INFO     Finished Volatility3 plugin windows.registry.hivelist.HiveList in 5 seconds
2021-10-11T11:07:34 INFO     Finished Volatility3 plugin windows.mutantscan.MutantScan in 5 seconds
2021-10-11T11:07:34 INFO     vol.py -f "C:\Users\tthibeuf\Desktop\MemoryAnalysis\rDamjKNqI7jhO9Z0r2Tg30" -r csv windows.poolscanner.PoolScanner  2> C:\Users\tthibeuf\Desktop\MemoryAnalysis\output\Volatility3\windows.poolscanner.PoolScanner.err > C:\Users\tthibeuf\Desktop\MemoryAnalysis\output\Volatility3\windows.poolscanner.PoolScanner.csv
2021-10-11T11:07:34 INFO     Started Bulk Extractor
2021-10-11T11:07:34 INFO     Started Strings unicode
2021-10-11T11:07:34 INFO     bulk_extractor.exe -o C:\Users\tthibeuf\Desktop\MemoryAnalysis\output\BEoutputDir "C:\Users\tthibeuf\Desktop\MemoryAnalysis\rDamjKNqI7jhO9Z0r2Tg30" > /dev/null 2>&1
2021-10-11T11:07:34 INFO     strings64.exe -td -el -a "C:\Users\tthibeuf\Desktop\MemoryAnalysis\rDamjKNqI7jhO9Z0r2Tg30" > C:\Users\tthibeuf\Desktop\MemoryAnalysis\rDamjKNqI7jhO9Z0r2Tg30.strings.unicode
2021-10-11T11:07:34 INFO     Finished Volatility3 plugin windows.modscan.ModScan in 5 seconds
2021-10-11T11:07:34 INFO     Started Strings ascii
2021-10-11T11:07:34 INFO     strings64.exe -td -a "C:\Users\tthibeuf\Desktop\MemoryAnalysis\rDamjKNqI7jhO9Z0r2Tg30" > C:\Users\tthibeuf\Desktop\MemoryAnalysis\rDamjKNqI7jhO9Z0r2Tg30.strings.ascii
2021-10-11T11:07:34 INFO     Finished Volatility3 plugin windows.psscan.PsScan in 5 seconds
2021-10-11T11:07:34 INFO     Finished Volatility3 plugin windows.ssdt.SSDT in 5 seconds
2021-10-11T11:07:34 INFO     Started Strings big endian
2021-10-11T11:07:34 INFO     Started Volatility2 plugin amcache
2021-10-11T11:07:34 INFO     strings64.exe -td -eb -a "C:\Users\tthibeuf\Desktop\MemoryAnalysis\rDamjKNqI7jhO9Z0r2Tg30" > C:\Users\tthibeuf\Desktop\MemoryAnalysis\rDamjKNqI7jhO9Z0r2Tg30.strings.be
2021-10-11T11:07:34 INFO     vol.exe --plugins=community -f "C:\Users\tthibeuf\Desktop\MemoryAnalysis\rDamjKNqI7jhO9Z0r2Tg30" --profile=Win8SP0x64 --kdbg=0xf802da90c530 --dtb=0x1aa000 amcache  --output-file=C:\Users\tthibeuf\Desktop\MemoryAnalysis\output\Volatility2\amcache.out 2> C:\Users\tthibeuf\Desktop\MemoryAnalysis\output\Volatility2\amcache.stderr > C:\Users\tthibeuf\Desktop\MemoryAnalysis\output\Volatility2\amcache.stdout
2021-10-11T11:07:34 INFO     Finished Volatility3 plugin windows.registry.hivescan.HiveScan in 5 seconds
2021-10-11T11:07:34 INFO     Started Volatility2 plugin getsids
2021-10-11T11:07:34 INFO     vol.exe --plugins=community -f "C:\Users\tthibeuf\Desktop\MemoryAnalysis\rDamjKNqI7jhO9Z0r2Tg30" --profile=Win8SP0x64 --kdbg=0xf802da90c530 --dtb=0x1aa000 getsids  --output-file=C:\Users\tthibeuf\Desktop\MemoryAnalysis\output\Volatility2\getsids.out 2> C:\Users\tthibeuf\Desktop\MemoryAnalysis\output\Volatility2\getsids.stderr > C:\Users\tthibeuf\Desktop\MemoryAnalysis\output\Volatility2\getsids.stdout
2021-10-11T11:07:34 INFO     Finished Volatility3 plugin windows.filescan.FileScan in 5 seconds
2021-10-11T11:07:34 INFO     Started Volatility2 plugin clipboard
2021-10-11T11:07:34 INFO     vol.exe --plugins=community -f "C:\Users\tthibeuf\Desktop\MemoryAnalysis\rDamjKNqI7jhO9Z0r2Tg30" --profile=Win8SP0x64 --kdbg=0xf802da90c530 --dtb=0x1aa000 clipboard  --output-file=C:\Users\tthibeuf\Desktop\MemoryAnalysis\output\Volatility2\clipboard.out 2> C:\Users\tthibeuf\Desktop\MemoryAnalysis\output\Volatility2\clipboard.stderr > C:\Users\tthibeuf\Desktop\MemoryAnalysis\output\Volatility2\clipboard.stdout
2021-10-11T11:07:34 INFO     Finished Bulk Extractor in 0 seconds
2021-10-11T11:07:35 INFO     Started Volatility2 plugin cmdscan
2021-10-11T11:07:35 INFO     Finished Volatility3 plugin windows.netscan.NetScan in 5 seconds
2021-10-11T11:07:35 INFO     vol.exe --plugins=community -f "C:\Users\tthibeuf\Desktop\MemoryAnalysis\rDamjKNqI7jhO9Z0r2Tg30" --profile=Win8SP0x64 --kdbg=0xf802da90c530 --dtb=0x1aa000 cmdscan  --output-file=C:\Users\tthibeuf\Desktop\MemoryAnalysis\output\Volatility2\cmdscan.out 2> C:\Users\tthibeuf\Desktop\MemoryAnalysis\output\Volatility2\cmdscan.stderr > C:\Users\tthibeuf\Desktop\MemoryAnalysis\output\Volatility2\cmdscan.stdout
2021-10-11T11:07:35 INFO     Started Volatility2 plugin consoles
2021-10-11T11:07:35 INFO     Finished Volatility3 plugin windows.symlinkscan.SymlinkScan in 5 seconds
2021-10-11T11:07:35 INFO     Finished Volatility3 plugin windows.driverscan.DriverScan in 6 seconds
2021-10-11T11:07:35 INFO     Finished Volatility3 plugin windows.driverirp.DriverIrp in 6 seconds
2021-10-11T11:07:35 INFO     vol.exe --plugins=community -f "C:\Users\tthibeuf\Desktop\MemoryAnalysis\rDamjKNqI7jhO9Z0r2Tg30" --profile=Win8SP0x64 --kdbg=0xf802da90c530 --dtb=0x1aa000 consoles  --output-file=C:\Users\tthibeuf\Desktop\MemoryAnalysis\output\Volatility2\consoles.out 2> C:\Users\tthibeuf\Desktop\MemoryAnalysis\output\Volatility2\consoles.stderr > C:\Users\tthibeuf\Desktop\MemoryAnalysis\output\Volatility2\consoles.stdout
2021-10-11T11:07:35 INFO     Started Volatility2 plugin ldrmodules
2021-10-11T11:07:35 INFO     Started Volatility2 plugin mftparser
2021-10-11T11:07:35 INFO     Started Volatility2 plugin psxview
2021-10-11T11:07:35 INFO     Finished Strings unicode in 1 seconds
2021-10-11T11:07:35 INFO     Finished Strings big endian in 1 seconds
2021-10-11T11:07:35 INFO     vol.exe --plugins=community -f "C:\Users\tthibeuf\Desktop\MemoryAnalysis\rDamjKNqI7jhO9Z0r2Tg30" --profile=Win8SP0x64 --kdbg=0xf802da90c530 --dtb=0x1aa000 ldrmodules --verbose --output-file=C:\Users\tthibeuf\Desktop\MemoryAnalysis\output\Volatility2\ldrmodules.out 2> C:\Users\tthibeuf\Desktop\MemoryAnalysis\output\Volatility2\ldrmodules.stderr > C:\Users\tthibeuf\Desktop\MemoryAnalysis\output\Volatility2\ldrmodules.stdout
2021-10-11T11:07:35 INFO     Finished Strings ascii in 1 seconds
2021-10-11T11:07:35 INFO     vol.exe --plugins=community -f "C:\Users\tthibeuf\Desktop\MemoryAnalysis\rDamjKNqI7jhO9Z0r2Tg30" --profile=Win8SP0x64 --kdbg=0xf802da90c530 --dtb=0x1aa000 mftparser --output=body  --output-file=C:\Users\tthibeuf\Desktop\MemoryAnalysis\output\Volatility2\mftparser.out 2> C:\Users\tthibeuf\Desktop\MemoryAnalysis\output\Volatility2\mftparser.stderr > C:\Users\tthibeuf\Desktop\MemoryAnalysis\output\Volatility2\mftparser.stdout
2021-10-11T11:07:35 INFO     vol.exe --plugins=community -f "C:\Users\tthibeuf\Desktop\MemoryAnalysis\rDamjKNqI7jhO9Z0r2Tg30" --profile=Win8SP0x64 --kdbg=0xf802da90c530 --dtb=0x1aa000 psxview --apply-rules --output-file=C:\Users\tthibeuf\Desktop\MemoryAnalysis\output\Volatility2\psxview.out 2> C:\Users\tthibeuf\Desktop\MemoryAnalysis\output\Volatility2\psxview.stderr > C:\Users\tthibeuf\Desktop\MemoryAnalysis\output\Volatility2\psxview.stdout
2021-10-11T11:07:35 INFO     Started Volatility2 plugin shellbags
2021-10-11T11:07:35 INFO     Started Volatility2 plugin shutdowntime
2021-10-11T11:07:35 INFO     Started Volatility2 plugin indx
2021-10-11T11:07:35 INFO     vol.exe --plugins=community -f "C:\Users\tthibeuf\Desktop\MemoryAnalysis\rDamjKNqI7jhO9Z0r2Tg30" --profile=Win8SP0x64 --kdbg=0xf802da90c530 --dtb=0x1aa000 shellbags --output=body --output-file=C:\Users\tthibeuf\Desktop\MemoryAnalysis\output\Volatility2\shellbags.out 2> C:\Users\tthibeuf\Desktop\MemoryAnalysis\output\Volatility2\shellbags.stderr > C:\Users\tthibeuf\Desktop\MemoryAnalysis\output\Volatility2\shellbags.stdout
2021-10-11T11:07:35 INFO     vol.exe --plugins=community -f "C:\Users\tthibeuf\Desktop\MemoryAnalysis\rDamjKNqI7jhO9Z0r2Tg30" --profile=Win8SP0x64 --kdbg=0xf802da90c530 --dtb=0x1aa000 shutdowntime  --output-file=C:\Users\tthibeuf\Desktop\MemoryAnalysis\output\Volatility2\shutdowntime.out 2> C:\Users\tthibeuf\Desktop\MemoryAnalysis\output\Volatility2\shutdowntime.stderr > C:\Users\tthibeuf\Desktop\MemoryAnalysis\output\Volatility2\shutdowntime.stdout
2021-10-11T11:07:35 INFO     vol.exe --plugins=community -f "C:\Users\tthibeuf\Desktop\MemoryAnalysis\rDamjKNqI7jhO9Z0r2Tg30" --profile=Win8SP0x64 --kdbg=0xf802da90c530 --dtb=0x1aa000 indx --output=body --output-file=C:\Users\tthibeuf\Desktop\MemoryAnalysis\output\Volatility2\indx.out 2> C:\Users\tthibeuf\Desktop\MemoryAnalysis\output\Volatility2\indx.stderr > C:\Users\tthibeuf\Desktop\MemoryAnalysis\output\Volatility2\indx.stdout
2021-10-11T11:07:39 INFO     Finished Volatility3 plugin windows.poolscanner.PoolScanner in 5 seconds
2021-10-11T11:07:39 INFO     Started Volatility2 plugin logfile
2021-10-11T11:07:39 INFO     vol.exe --plugins=community -f "C:\Users\tthibeuf\Desktop\MemoryAnalysis\rDamjKNqI7jhO9Z0r2Tg30" --profile=Win8SP0x64 --kdbg=0xf802da90c530 --dtb=0x1aa000 logfile --output=body --output-file=C:\Users\tthibeuf\Desktop\MemoryAnalysis\output\Volatility2\logfile.out 2> C:\Users\tthibeuf\Desktop\MemoryAnalysis\output\Volatility2\logfile.stderr > C:\Users\tthibeuf\Desktop\MemoryAnalysis\output\Volatility2\logfile.stdout
2021-10-11T11:08:11 INFO     Finished Volatility2 plugin psxview in 35 seconds
2021-10-11T11:08:11 INFO     Started Volatility2 plugin prefetchparser
2021-10-11T11:08:11 INFO     vol.exe --plugins=community -f "C:\Users\tthibeuf\Desktop\MemoryAnalysis\rDamjKNqI7jhO9Z0r2Tg30" --profile=Win8SP0x64 --kdbg=0xf802da90c530 --dtb=0x1aa000 prefetchparser --full_paths --output-file=C:\Users\tthibeuf\Desktop\MemoryAnalysis\output\Volatility2\prefetchparser.out 2> C:\Users\tthibeuf\Desktop\MemoryAnalysis\output\Volatility2\prefetchparser.stderr > C:\Users\tthibeuf\Desktop\MemoryAnalysis\output\Volatility2\prefetchparser.stdout
2021-10-11T11:08:14 INFO     Finished Volatility2 plugin ldrmodules in 38 seconds
2021-10-11T11:08:14 INFO     Started Volatility2 plugin schtasks
2021-10-11T11:08:14 INFO     vol.exe --plugins=community -f "C:\Users\tthibeuf\Desktop\MemoryAnalysis\rDamjKNqI7jhO9Z0r2Tg30" --profile=Win8SP0x64 --kdbg=0xf802da90c530 --dtb=0x1aa000 schtasks  --output-file=C:\Users\tthibeuf\Desktop\MemoryAnalysis\output\Volatility2\schtasks.out 2> C:\Users\tthibeuf\Desktop\MemoryAnalysis\output\Volatility2\schtasks.stderr > C:\Users\tthibeuf\Desktop\MemoryAnalysis\output\Volatility2\schtasks.stdout
2021-10-11T11:08:14 INFO     Finished Volatility2 plugin clipboard in 39 seconds
2021-10-11T11:08:14 INFO     Started Volatility2 plugin sessions
2021-10-11T11:08:14 INFO     vol.exe --plugins=community -f "C:\Users\tthibeuf\Desktop\MemoryAnalysis\rDamjKNqI7jhO9Z0r2Tg30" --profile=Win8SP0x64 --kdbg=0xf802da90c530 --dtb=0x1aa000 sessions  --output-file=C:\Users\tthibeuf\Desktop\MemoryAnalysis\output\Volatility2\sessions.out 2> C:\Users\tthibeuf\Desktop\MemoryAnalysis\output\Volatility2\sessions.stderr > C:\Users\tthibeuf\Desktop\MemoryAnalysis\output\Volatility2\sessions.stdout
2021-10-11T11:08:14 INFO     Finished Volatility2 plugin getsids in 39 seconds
2021-10-11T11:08:15 INFO     Started Volatility2 plugin shimcachemem
2021-10-11T11:08:15 INFO     vol.exe --plugins=community -f "C:\Users\tthibeuf\Desktop\MemoryAnalysis\rDamjKNqI7jhO9Z0r2Tg30" --profile=Win8SP0x64 --kdbg=0xf802da90c530 --dtb=0x1aa000 shimcachemem --output=csv --output-file=C:\Users\tthibeuf\Desktop\MemoryAnalysis\output\Volatility2\shimcachemem.out 2> C:\Users\tthibeuf\Desktop\MemoryAnalysis\output\Volatility2\shimcachemem.stderr > C:\Users\tthibeuf\Desktop\MemoryAnalysis\output\Volatility2\shimcachemem.stdout
2021-10-11T11:08:15 INFO     Finished Volatility2 plugin shellbags in 40 seconds
2021-10-11T11:08:15 INFO     Started Volatility2 plugin shimcache
2021-10-11T11:08:15 INFO     vol.exe --plugins=community -f "C:\Users\tthibeuf\Desktop\MemoryAnalysis\rDamjKNqI7jhO9Z0r2Tg30" --profile=Win8SP0x64 --kdbg=0xf802da90c530 --dtb=0x1aa000 shimcache  --output-file=C:\Users\tthibeuf\Desktop\MemoryAnalysis\output\Volatility2\shimcache.out 2> C:\Users\tthibeuf\Desktop\MemoryAnalysis\output\Volatility2\shimcache.stderr > C:\Users\tthibeuf\Desktop\MemoryAnalysis\output\Volatility2\shimcache.stdout
2021-10-11T11:08:16 INFO     Finished Volatility2 plugin consoles in 40 seconds
2021-10-11T11:08:16 INFO     Started Volatility2 plugin sockets
2021-10-11T11:08:16 INFO     vol.exe --plugins=community -f "C:\Users\tthibeuf\Desktop\MemoryAnalysis\rDamjKNqI7jhO9Z0r2Tg30" --profile=Win8SP0x64 --kdbg=0xf802da90c530 --dtb=0x1aa000 sockets  --output-file=C:\Users\tthibeuf\Desktop\MemoryAnalysis\output\Volatility2\sockets.out 2> C:\Users\tthibeuf\Desktop\MemoryAnalysis\output\Volatility2\sockets.stderr > C:\Users\tthibeuf\Desktop\MemoryAnalysis\output\Volatility2\sockets.stdout
2021-10-11T11:08:16 INFO     Finished Volatility2 plugin indx in 40 seconds
2021-10-11T11:08:16 INFO     Started Volatility2 plugin sockscan
2021-10-11T11:08:16 INFO     vol.exe --plugins=community -f "C:\Users\tthibeuf\Desktop\MemoryAnalysis\rDamjKNqI7jhO9Z0r2Tg30" --profile=Win8SP0x64 --kdbg=0xf802da90c530 --dtb=0x1aa000 sockscan  --output-file=C:\Users\tthibeuf\Desktop\MemoryAnalysis\output\Volatility2\sockscan.out 2> C:\Users\tthibeuf\Desktop\MemoryAnalysis\output\Volatility2\sockscan.stderr > C:\Users\tthibeuf\Desktop\MemoryAnalysis\output\Volatility2\sockscan.stdout
2021-10-11T11:08:18 INFO     Finished Volatility2 plugin cmdscan in 42 seconds
2021-10-11T11:08:18 INFO     Started Volatility2 plugin threads
2021-10-11T11:08:18 INFO     vol.exe --plugins=community -f "C:\Users\tthibeuf\Desktop\MemoryAnalysis\rDamjKNqI7jhO9Z0r2Tg30" --profile=Win8SP0x64 --kdbg=0xf802da90c530 --dtb=0x1aa000 threads  --output-file=C:\Users\tthibeuf\Desktop\MemoryAnalysis\output\Volatility2\threads.out 2> C:\Users\tthibeuf\Desktop\MemoryAnalysis\output\Volatility2\threads.stderr > C:\Users\tthibeuf\Desktop\MemoryAnalysis\output\Volatility2\threads.stdout
2021-10-11T11:08:18 INFO     Finished Volatility2 plugin shutdowntime in 42 seconds
2021-10-11T11:08:18 INFO     Started Volatility2 plugin usnjrnl
2021-10-11T11:08:18 INFO     vol.exe --plugins=community -f "C:\Users\tthibeuf\Desktop\MemoryAnalysis\rDamjKNqI7jhO9Z0r2Tg30" --profile=Win8SP0x64 --kdbg=0xf802da90c530 --dtb=0x1aa000 usnjrnl --output=body --output-file=C:\Users\tthibeuf\Desktop\MemoryAnalysis\output\Volatility2\usnjrnl.out 2> C:\Users\tthibeuf\Desktop\MemoryAnalysis\output\Volatility2\usnjrnl.stderr > C:\Users\tthibeuf\Desktop\MemoryAnalysis\output\Volatility2\usnjrnl.stdout
2021-10-11T11:08:18 INFO     Finished Volatility2 plugin logfile in 39 seconds
2021-10-11T11:08:18 INFO     Started Volatility2 plugin autoruns
2021-10-11T11:08:19 INFO     vol.exe --plugins=community -f "C:\Users\tthibeuf\Desktop\MemoryAnalysis\rDamjKNqI7jhO9Z0r2Tg30" --profile=Win8SP0x64 --kdbg=0xf802da90c530 --dtb=0x1aa000 autoruns -v --output-file=C:\Users\tthibeuf\Desktop\MemoryAnalysis\output\Volatility2\autoruns.out 2> C:\Users\tthibeuf\Desktop\MemoryAnalysis\output\Volatility2\autoruns.stderr > C:\Users\tthibeuf\Desktop\MemoryAnalysis\output\Volatility2\autoruns.stdout
2021-10-11T11:08:19 INFO     Finished Volatility2 plugin amcache in 44 seconds
2021-10-11T11:08:19 INFO     Started Volatility2 plugin connections
2021-10-11T11:08:19 INFO     Finished Volatility2 plugin mftparser in 43 seconds
2021-10-11T11:08:19 INFO     vol.exe --plugins=community -f "C:\Users\tthibeuf\Desktop\MemoryAnalysis\rDamjKNqI7jhO9Z0r2Tg30" --profile=Win8SP0x64 --kdbg=0xf802da90c530 --dtb=0x1aa000 connections  --output-file=C:\Users\tthibeuf\Desktop\MemoryAnalysis\output\Volatility2\connections.out 2> C:\Users\tthibeuf\Desktop\MemoryAnalysis\output\Volatility2\connections.stderr > C:\Users\tthibeuf\Desktop\MemoryAnalysis\output\Volatility2\connections.stdout
2021-10-11T11:08:19 INFO     Started Volatility2 plugin connscan
2021-10-11T11:08:19 INFO     vol.exe --plugins=community -f "C:\Users\tthibeuf\Desktop\MemoryAnalysis\rDamjKNqI7jhO9Z0r2Tg30" --profile=Win8SP0x64 --kdbg=0xf802da90c530 --dtb=0x1aa000 connscan  --output-file=C:\Users\tthibeuf\Desktop\MemoryAnalysis\output\Volatility2\connscan.out 2> C:\Users\tthibeuf\Desktop\MemoryAnalysis\output\Volatility2\connscan.stderr > C:\Users\tthibeuf\Desktop\MemoryAnalysis\output\Volatility2\connscan.stdout
2021-10-11T11:08:44 INFO     Finished Volatility2 plugin prefetchparser in 32 seconds
2021-10-11T11:08:44 INFO     Started Volatility2 plugin hollowfind
2021-10-11T11:08:44 INFO     vol.exe --plugins=community -f "C:\Users\tthibeuf\Desktop\MemoryAnalysis\rDamjKNqI7jhO9Z0r2Tg30" --profile=Win8SP0x64 --kdbg=0xf802da90c530 --dtb=0x1aa000 hollowfind  --output-file=C:\Users\tthibeuf\Desktop\MemoryAnalysis\output\Volatility2\hollowfind.out 2> C:\Users\tthibeuf\Desktop\MemoryAnalysis\output\Volatility2\hollowfind.stderr > C:\Users\tthibeuf\Desktop\MemoryAnalysis\output\Volatility2\hollowfind.stdout
2021-10-11T11:08:47 INFO     Finished Volatility2 plugin schtasks in 33 seconds
2021-10-11T11:08:47 INFO     Started Volatility2 plugin malthfind
2021-10-11T11:08:47 INFO     vol.exe --plugins=community -f "C:\Users\tthibeuf\Desktop\MemoryAnalysis\rDamjKNqI7jhO9Z0r2Tg30" --profile=Win8SP0x64 --kdbg=0xf802da90c530 --dtb=0x1aa000 malthfind  --output-file=C:\Users\tthibeuf\Desktop\MemoryAnalysis\output\Volatility2\malthfind.out 2> C:\Users\tthibeuf\Desktop\MemoryAnalysis\output\Volatility2\malthfind.stderr > C:\Users\tthibeuf\Desktop\MemoryAnalysis\output\Volatility2\malthfind.stdout
2021-10-11T11:08:52 INFO     Finished Volatility2 plugin shimcache in 36 seconds
2021-10-11T11:08:52 INFO     Started Volatility2 plugin timeliner
2021-10-11T11:08:52 INFO     vol.exe --plugins=community -f "C:\Users\tthibeuf\Desktop\MemoryAnalysis\rDamjKNqI7jhO9Z0r2Tg30" --profile=Win8SP0x64 --kdbg=0xf802da90c530 --dtb=0x1aa000 timeliner --output=body --output-file=C:\Users\tthibeuf\Desktop\MemoryAnalysis\output\Volatility2\timeliner.out 2> C:\Users\tthibeuf\Desktop\MemoryAnalysis\output\Volatility2\timeliner.stderr > C:\Users\tthibeuf\Desktop\MemoryAnalysis\output\Volatility2\timeliner.stdout
2021-10-11T11:08:53 INFO     Finished Volatility2 plugin sessions in 38 seconds
2021-10-11T11:08:53 INFO     Started Volatility2 plugin apihooks
2021-10-11T11:08:53 INFO     vol.exe --plugins=community -f "C:\Users\tthibeuf\Desktop\MemoryAnalysis\rDamjKNqI7jhO9Z0r2Tg30" --profile=Win8SP0x64 --kdbg=0xf802da90c530 --dtb=0x1aa000 apihooks --quick --output-file=C:\Users\tthibeuf\Desktop\MemoryAnalysis\output\Volatility2\apihooks.out 2> C:\Users\tthibeuf\Desktop\MemoryAnalysis\output\Volatility2\apihooks.stderr > C:\Users\tthibeuf\Desktop\MemoryAnalysis\output\Volatility2\apihooks.stdout
2021-10-11T11:08:54 INFO     Finished Volatility2 plugin connscan in 34 seconds
2021-10-11T11:08:54 INFO     Started Volatility2 plugin messagehooks
2021-10-11T11:08:55 INFO     vol.exe --plugins=community -f "C:\Users\tthibeuf\Desktop\MemoryAnalysis\rDamjKNqI7jhO9Z0r2Tg30" --profile=Win8SP0x64 --kdbg=0xf802da90c530 --dtb=0x1aa000 messagehooks  --output-file=C:\Users\tthibeuf\Desktop\MemoryAnalysis\output\Volatility2\messagehooks.out 2> C:\Users\tthibeuf\Desktop\MemoryAnalysis\output\Volatility2\messagehooks.stderr > C:\Users\tthibeuf\Desktop\MemoryAnalysis\output\Volatility2\messagehooks.stdout
2021-10-11T11:08:55 INFO     Finished Volatility2 plugin sockscan in 38 seconds
2021-10-11T11:08:55 INFO     Started EVTXTRACT
2021-10-11T11:08:55 INFO     evtxtract.exe "C:\Users\tthibeuf\Desktop\MemoryAnalysis\rDamjKNqI7jhO9Z0r2Tg30" 2> C:\Users\tthibeuf\Desktop\MemoryAnalysis\rDamjKNqI7jhO9Z0r2Tg30.err > C:\Users\tthibeuf\Desktop\MemoryAnalysis\rDamjKNqI7jhO9Z0r2Tg30.txt
2021-10-11T11:08:55 INFO     Finished Volatility2 plugin threads in 37 seconds
2021-10-11T11:08:55 INFO     Started Dumping Registry
2021-10-11T11:08:55 INFO     vol.py -f "C:\Users\tthibeuf\Desktop\MemoryAnalysis\rDamjKNqI7jhO9Z0r2Tg30" -o C:\Users\tthibeuf\Desktop\MemoryAnalysis\output\DumpedRegistriy windows.registry.hivelist.HiveList --dump > /dev/null 2>&1
2021-10-11T11:08:56 INFO     Finished Dumping Registry in 0 seconds
2021-10-11T11:08:56 INFO     Started Dumping DLLs
2021-10-11T11:08:56 INFO     vol.py -f "C:\Users\tthibeuf\Desktop\MemoryAnalysis\rDamjKNqI7jhO9Z0r2Tg30" -o C:\Users\tthibeuf\Desktop\MemoryAnalysis\output\DumpedDllsOutput windows.dlllist.DllList --dump > /dev/null 2>&1
2021-10-11T11:08:56 INFO     Finished Volatility2 plugin usnjrnl in 38 seconds
2021-10-11T11:08:56 INFO     Started Dumping Processes
2021-10-11T11:08:56 INFO     vol.py -f "C:\Users\tthibeuf\Desktop\MemoryAnalysis\rDamjKNqI7jhO9Z0r2Tg30" -o C:\Users\tthibeuf\Desktop\MemoryAnalysis\output\DumpedProcessOutput windows.pslist.PsList --dump > /dev/null 2>&1
2021-10-11T11:08:57 INFO     Finished Dumping DLLs in 1 seconds
2021-10-11T11:08:58 INFO     Started Dumping Modules
2021-10-11T11:08:58 INFO     vol.py -f "C:\Users\tthibeuf\Desktop\MemoryAnalysis\rDamjKNqI7jhO9Z0r2Tg30" -o C:\Users\tthibeuf\Desktop\MemoryAnalysis\output\DumpedModules windows.modscan.ModScan --dump > /dev/null 2>&1
2021-10-11T11:08:58 INFO     Finished Dumping Processes in 1 seconds
2021-10-11T11:08:58 INFO     Finished Volatility2 plugin shimcachemem in 42 seconds
2021-10-11T11:08:58 INFO     Finished Volatility2 plugin sockets in 42 seconds
2021-10-11T11:08:58 INFO     Finished Dumping Modules in 0 seconds
2021-10-11T11:08:58 INFO     Finished Volatility2 plugin autoruns in 39 seconds
2021-10-11T11:08:59 INFO     Finished Volatility2 plugin connections in 39 seconds
2021-10-11T11:09:05 INFO     Finished Volatility2 plugin hollowfind in 21 seconds
2021-10-11T11:09:08 INFO     Finished Volatility2 plugin malthfind in 21 seconds
2021-10-11T11:09:12 INFO     Finished Volatility2 plugin messagehooks in 17 seconds
2021-10-11T11:09:12 INFO     Finished Volatility2 plugin apihooks in 19 seconds
2021-10-11T11:09:13 INFO     Finished Volatility2 plugin timeliner in 20 seconds
2021-10-11T11:12:06 INFO     Finished EVTXTRACT in 189 seconds
